<?xml version="1.0" encoding="UTF-8"?>
<!-- Generated by org.testng.reporters.JUnitReportReporter -->
<testsuite skipped="0" hostname="DESKTOP-M021GP2" name="test_cases.ClassBTest" tests="3" failures="0" timestamp="17 Sep 2020 01:04:11 GMT" time="0.006" errors="0">
  <testcase name="testCaseB3" time="0.001" classname="test_cases.ClassBTest"/>
  <testcase name="testCaseB2" time="0.000" classname="test_cases.ClassBTest"/>
  <testcase name="testCaseB1" time="0.005" classname="test_cases.ClassBTest"/>
</testsuite> <!-- test_cases.ClassBTest -->
