<?xml version="1.0" encoding="UTF-8"?>
<!-- Generated by org.testng.reporters.JUnitReportReporter -->
<testsuite skipped="0" hostname="DESKTOP-M021GP2" name="test_cases.ClassATest" tests="3" failures="0" timestamp="17 Sep 2020 01:05:50 GMT" time="0.004" errors="0">
  <testcase name="testCaseA2" time="0.000" classname="test_cases.ClassATest"/>
  <testcase name="testCaseA3" time="0.000" classname="test_cases.ClassATest"/>
  <testcase name="testCaseA1" time="0.004" classname="test_cases.ClassATest"/>
</testsuite> <!-- test_cases.ClassATest -->
