<?xml version="1.0" encoding="UTF-8"?>
<!-- Generated by org.testng.reporters.JUnitReportReporter -->
<testsuite skipped="0" hostname="DESKTOP-M021GP2" name="test_cases.ClassCTest" tests="3" failures="0" timestamp="17 Sep 2020 01:04:11 GMT" time="0.001" errors="0">
  <testcase name="testCaseB" time="0.001" classname="test_cases.ClassCTest"/>
  <testcase name="testCaseA" time="0.000" classname="test_cases.ClassCTest"/>
  <testcase name="testCaseC" time="0.000" classname="test_cases.ClassCTest"/>
</testsuite> <!-- test_cases.ClassCTest -->
